# JRE version: 7.0_05-b05
# Java VM: Java HotSpot(TM) Client VM (23.1-b03 mixed mode windows-x86 )
Heap
 def new generation   total 157376K, used 89779K [0x02b00000, 0x0d5c0000, 0x18050000)
  eden space 139904K,  62% used [0x02b00000, 0x08008f58, 0x0b3a0000)
  from space 17472K,  15% used [0x0b3a0000, 0x0b643f38, 0x0c4b0000)
  to   space 17472K,   0% used [0x0c4b0000, 0x0c4b0000, 0x0d5c0000)
 tenured generation   total 349568K, used 102866K [0x18050000, 0x2d5b0000, 0x42b00000)
   the space 349568K,  29% used [0x18050000, 0x1e4c4ab8, 0x1e4c4c00, 0x2d5b0000)
 compacting perm gen  total 17152K, used 16937K [0x42b00000, 0x43bc0000, 0x46b00000)
   the space 17152K,  98% used [0x42b00000, 0x43b8a438, 0x43b8a600, 0x43bc0000)
GC Heap History (10 events):
Event: 417.196 GC heap before
{Heap before GC invocations=13 (full 6):
 def new generation   total 157376K, used 155812K [0x02b00000, 0x0d5c0000, 0x18050000)
  eden space 139904K, 100% used [0x02b00000, 0x0b3a0000, 0x0b3a0000)
  from space 17472K,  91% used [0x0c4b0000, 0x0d4393d0, 0x0d5c0000)
  to   space 17472K,   0% used [0x0b3a0000, 0x0b3a0000, 0x0c4b0000)
 tenured generation   total 349568K, used 88797K [0x18050000, 0x2d5b0000, 0x42b00000)
   the space 349568K,  25% used [0x18050000, 0x1d707670, 0x1d707800, 0x2d5b0000)
 compacting perm gen  total 17152K, used 16911K [0x42b00000, 0x43bc0000, 0x46b00000)
   the space 17152K,  98% used [0x42b00000, 0x43b83e28, 0x43b84000, 0x43bc0000)
No shared spaces configured.
Event: 417.230 GC heap after
Heap after GC invocations=14 (full 6):
 def new generation   total 157376K, used 2345K [0x02b00000, 0x0d5c0000, 0x18050000)
  eden space 139904K,   0% used [0x02b00000, 0x02b00000, 0x0b3a0000)
  from space 17472K,  13% used [0x0b3a0000, 0x0b5ea7b0, 0x0c4b0000)
  to   space 17472K,   0% used [0x0c4b0000, 0x0c4b0000, 0x0d5c0000)
 tenured generation   total 349568K, used 102866K [0x18050000, 0x2d5b0000, 0x42b00000)
   the space 349568K,  29% used [0x18050000, 0x1e4c4ab8, 0x1e4c4c00, 0x2d5b0000)
 compacting perm gen  total 17152K, used 16911K [0x42b00000, 0x43bc0000, 0x46b00000)
   the space 17152K,  98% used [0x42b00000, 0x43b83e28, 0x43b84000, 0x43bc0000)
No shared spaces configured.
}
Event: 459.156 GC heap before
{Heap before GC invocations=14 (full 6):
 def new generation   total 157376K, used 142249K [0x02b00000, 0x0d5c0000, 0x18050000)
  eden space 139904K, 100% used [0x02b00000, 0x0b3a0000, 0x0b3a0000)
  from space 17472K,  13% used [0x0b3a0000, 0x0b5ea7b0, 0x0c4b0000)
  to   space 17472K,   0% used [0x0c4b0000, 0x0c4b0000, 0x0d5c0000)
 tenured generation   total 349568K, used 102866K [0x18050000, 0x2d5b0000, 0x42b00000)
   the space 349568K,  29% used [0x18050000, 0x1e4c4ab8, 0x1e4c4c00, 0x2d5b0000)
 compacting perm gen  total 17152K, used 16927K [0x42b00000, 0x43bc0000, 0x46b00000)
   the space 17152K,  98% used [0x42b00000, 0x43b87fa8, 0x43b88000, 0x43bc0000)
No shared spaces configured.
Event: 459.165 GC heap after
Heap after GC invocations=15 (full 6):
 def new generation   total 157376K, used 2646K [0x02b00000, 0x0d5c0000, 0x18050000)
  eden space 139904K,   0% used [0x02b00000, 0x02b00000, 0x0b3a0000)
  from space 17472K,  15% used [0x0c4b0000, 0x0c745880, 0x0d5c0000)
  to   space 17472K,   0% used [0x0b3a0000, 0x0b3a0000, 0x0c4b0000)
 tenured generation   total 349568K, used 102866K [0x18050000, 0x2d5b0000, 0x42b00000)
   the space 349568K,  29% used [0x18050000, 0x1e4c4ab8, 0x1e4c4c00, 0x2d5b0000)
 compacting perm gen  total 17152K, used 16927K [0x42b00000, 0x43bc0000, 0x46b00000)
   the space 17152K,  98% used [0x42b00000, 0x43b87fa8, 0x43b88000, 0x43bc0000)
No shared spaces configured.
}
Event: 502.778 GC heap before
{Heap before GC invocations=15 (full 6):
 def new generation   total 157376K, used 142550K [0x02b00000, 0x0d5c0000, 0x18050000)
  eden space 139904K, 100% used [0x02b00000, 0x0b3a0000, 0x0b3a0000)
  from space 17472K,  15% used [0x0c4b0000, 0x0c745880, 0x0d5c0000)
  to   space 17472K,   0% used [0x0b3a0000, 0x0b3a0000, 0x0c4b0000)
 tenured generation   total 349568K, used 102866K [0x18050000, 0x2d5b0000, 0x42b00000)
   the space 349568K,  29% used [0x18050000, 0x1e4c4ab8, 0x1e4c4c00, 0x2d5b0000)
 compacting perm gen  total 17152K, used 16929K [0x42b00000, 0x43bc0000, 0x46b00000)
   the space 17152K,  98% used [0x42b00000, 0x43b886e8, 0x43b88800, 0x43bc0000)
No shared spaces configured.
Event: 502.786 GC heap after
Heap after GC invocations=16 (full 6):
 def new generation   total 157376K, used 2615K [0x02b00000, 0x0d5c0000, 0x18050000)
  eden space 139904K,   0% used [0x02b00000, 0x02b00000, 0x0b3a0000)
  from space 17472K,  14% used [0x0b3a0000, 0x0b62df58, 0x0c4b0000)
  to   space 17472K,   0% used [0x0c4b0000, 0x0c4b0000, 0x0d5c0000)
 tenured generation   total 349568K, used 102866K [0x18050000, 0x2d5b0000, 0x42b00000)
   the space 349568K,  29% used [0x18050000, 0x1e4c4ab8, 0x1e4c4c00, 0x2d5b0000)
 compacting perm gen  total 17152K, used 16929K [0x42b00000, 0x43bc0000, 0x46b00000)
   the space 17152K,  98% used [0x42b00000, 0x43b886e8, 0x43b88800, 0x43bc0000)
No shared spaces configured.
}
Event: 541.917 GC heap before
{Heap before GC invocations=16 (full 6):
 def new generation   total 157376K, used 142519K [0x02b00000, 0x0d5c0000, 0x18050000)
  eden space 139904K, 100% used [0x02b00000, 0x0b3a0000, 0x0b3a0000)
  from space 17472K,  14% used [0x0b3a0000, 0x0b62df58, 0x0c4b0000)
  to   space 17472K,   0% used [0x0c4b0000, 0x0c4b0000, 0x0d5c0000)
 tenured generation   total 349568K, used 102866K [0x18050000, 0x2d5b0000, 0x42b00000)
   the space 349568K,  29% used [0x18050000, 0x1e4c4ab8, 0x1e4c4c00, 0x2d5b0000)
 compacting perm gen  total 17152K, used 16929K [0x42b00000, 0x43bc0000, 0x46b00000)
   the space 17152K,  98% used [0x42b00000, 0x43b886f8, 0x43b88800, 0x43bc0000)
No shared spaces configured.
Event: 541.925 GC heap after
Heap after GC invocations=17 (full 6):
 def new generation   total 157376K, used 1974K [0x02b00000, 0x0d5c0000, 0x18050000)
  eden space 139904K,   0% used [0x02b00000, 0x02b00000, 0x0b3a0000)
  from space 17472K,  11% used [0x0c4b0000, 0x0c69d810, 0x0d5c0000)
  to   space 17472K,   0% used [0x0b3a0000, 0x0b3a0000, 0x0c4b0000)
 tenured generation   total 349568K, used 102866K [0x18050000, 0x2d5b0000, 0x42b00000)
   the space 349568K,  29% used [0x18050000, 0x1e4c4ab8, 0x1e4c4c00, 0x2d5b0000)
 compacting perm gen  total 17152K, used 16929K [0x42b00000, 0x43bc0000, 0x46b00000)
   the space 17152K,  98% used [0x42b00000, 0x43b886f8, 0x43b88800, 0x43bc0000)
No shared spaces configured.
}
Event: 580.528 GC heap before
{Heap before GC invocations=17 (full 6):
 def new generation   total 157376K, used 141878K [0x02b00000, 0x0d5c0000, 0x18050000)
  eden space 139904K, 100% used [0x02b00000, 0x0b3a0000, 0x0b3a0000)
  from space 17472K,  11% used [0x0c4b0000, 0x0c69d810, 0x0d5c0000)
  to   space 17472K,   0% used [0x0b3a0000, 0x0b3a0000, 0x0c4b0000)
 tenured generation   total 349568K, used 102866K [0x18050000, 0x2d5b0000, 0x42b00000)
   the space 349568K,  29% used [0x18050000, 0x1e4c4ab8, 0x1e4c4c00, 0x2d5b0000)
 compacting perm gen  total 17152K, used 16935K [0x42b00000, 0x43bc0000, 0x46b00000)
   the space 17152K,  98% used [0x42b00000, 0x43b89d38, 0x43b89e00, 0x43bc0000)
No shared spaces configured.
Event: 580.539 GC heap after
Heap after GC invocations=18 (full 6):
 def new generation   total 157376K, used 2703K [0x02b00000, 0x0d5c0000, 0x18050000)
  eden space 139904K,   0% used [0x02b00000, 0x02b00000, 0x0b3a0000)
  from space 17472K,  15% used [0x0b3a0000, 0x0b643f38, 0x0c4b0000)
  to   space 17472K,   0% used [0x0c4b0000, 0x0c4b0000, 0x0d5c0000)
 tenured generation   total 349568K, used 102866K [0x18050000, 0x2d5b0000, 0x42b00000)
   the space 349568K,  29% used [0x18050000, 0x1e4c4ab8, 0x1e4c4c00, 0x2d5b0000)
 compacting perm gen  total 17152K, used 16935K [0x42b00000, 0x43bc0000, 0x46b00000)
   the space 17152K,  98% used [0x42b00000, 0x43b89d38, 0x43b89e00, 0x43bc0000)
No shared spaces configured.
}

