# JRE version: 7.0_05-b05
# Java VM: Java HotSpot(TM) Client VM (23.1-b03 mixed mode windows-x86 )
Heap
 def new generation   total 157376K, used 9691K [0x02b00000, 0x0d5c0000, 0x18050000)
  eden space 139904K,   3% used [0x02b00000, 0x02fba888, 0x0b3a0000)
  from space 17472K,  27% used [0x0c4b0000, 0x0c96c5f0, 0x0d5c0000)
  to   space 17472K,   0% used [0x0b3a0000, 0x0b3a0000, 0x0c4b0000)
 tenured generation   total 349568K, used 128628K [0x18050000, 0x2d5b0000, 0x42b00000)
   the space 349568K,  36% used [0x18050000, 0x1fded320, 0x1fded400, 0x2d5b0000)
 compacting perm gen  total 16640K, used 16569K [0x42b00000, 0x43b40000, 0x46b00000)
   the space 16640K,  99% used [0x42b00000, 0x43b2e420, 0x43b2e600, 0x43b40000)
GC Heap History (10 events):
Event: 244.349 GC heap before
{Heap before GC invocations=9 (full 7):
 def new generation   total 157376K, used 157376K [0x02b00000, 0x0d5c0000, 0x18050000)
  eden space 139904K, 100% used [0x02b00000, 0x0b3a0000, 0x0b3a0000)
  from space 17472K, 100% used [0x0b3a0000, 0x0c4b0000, 0x0c4b0000)
  to   space 17472K,   0% used [0x0c4b0000, 0x0c4b0000, 0x0d5c0000)
 tenured generation   total 349568K, used 75440K [0x18050000, 0x2d5b0000, 0x42b00000)
   the space 349568K,  21% used [0x18050000, 0x1c9fc028, 0x1c9fc200, 0x2d5b0000)
 compacting perm gen  total 16640K, used 16482K [0x42b00000, 0x43b40000, 0x46b00000)
   the space 16640K,  99% used [0x42b00000, 0x43b18b58, 0x43b18c00, 0x43b40000)
No shared spaces configured.
Event: 244.391 GC heap after
Heap after GC invocations=10 (full 7):
 def new generation   total 157376K, used 9954K [0x02b00000, 0x0d5c0000, 0x18050000)
  eden space 139904K,   0% used [0x02b00000, 0x02b00000, 0x0b3a0000)
  from space 17472K,  56% used [0x0c4b0000, 0x0ce68ac0, 0x0d5c0000)
  to   space 17472K,   0% used [0x0b3a0000, 0x0b3a0000, 0x0c4b0000)
 tenured generation   total 349568K, used 92657K [0x18050000, 0x2d5b0000, 0x42b00000)
   the space 349568K,  26% used [0x18050000, 0x1dacc6e0, 0x1dacc800, 0x2d5b0000)
 compacting perm gen  total 16640K, used 16482K [0x42b00000, 0x43b40000, 0x46b00000)
   the space 16640K,  99% used [0x42b00000, 0x43b18b58, 0x43b18c00, 0x43b40000)
No shared spaces configured.
}
Event: 318.230 GC heap before
{Heap before GC invocations=10 (full 7):
 def new generation   total 157376K, used 149858K [0x02b00000, 0x0d5c0000, 0x18050000)
  eden space 139904K, 100% used [0x02b00000, 0x0b3a0000, 0x0b3a0000)
  from space 17472K,  56% used [0x0c4b0000, 0x0ce68ac0, 0x0d5c0000)
  to   space 17472K,   0% used [0x0b3a0000, 0x0b3a0000, 0x0c4b0000)
 tenured generation   total 349568K, used 92657K [0x18050000, 0x2d5b0000, 0x42b00000)
   the space 349568K,  26% used [0x18050000, 0x1dacc6e0, 0x1dacc800, 0x2d5b0000)
 compacting perm gen  total 16640K, used 16498K [0x42b00000, 0x43b40000, 0x46b00000)
   the space 16640K,  99% used [0x42b00000, 0x43b1c940, 0x43b1ca00, 0x43b40000)
No shared spaces configured.
Event: 318.262 GC heap after
Heap after GC invocations=11 (full 7):
 def new generation   total 157376K, used 12375K [0x02b00000, 0x0d5c0000, 0x18050000)
  eden space 139904K,   0% used [0x02b00000, 0x02b00000, 0x0b3a0000)
  from space 17472K,  70% used [0x0b3a0000, 0x0bfb5cc8, 0x0c4b0000)
  to   space 17472K,   0% used [0x0c4b0000, 0x0c4b0000, 0x0d5c0000)
 tenured generation   total 349568K, used 99341K [0x18050000, 0x2d5b0000, 0x42b00000)
   the space 349568K,  28% used [0x18050000, 0x1e1534d8, 0x1e153600, 0x2d5b0000)
 compacting perm gen  total 16640K, used 16498K [0x42b00000, 0x43b40000, 0x46b00000)
   the space 16640K,  99% used [0x42b00000, 0x43b1c940, 0x43b1ca00, 0x43b40000)
No shared spaces configured.
}
Event: 371.068 GC heap before
{Heap before GC invocations=11 (full 7):
 def new generation   total 157376K, used 152279K [0x02b00000, 0x0d5c0000, 0x18050000)
  eden space 139904K, 100% used [0x02b00000, 0x0b3a0000, 0x0b3a0000)
  from space 17472K,  70% used [0x0b3a0000, 0x0bfb5cc8, 0x0c4b0000)
  to   space 17472K,   0% used [0x0c4b0000, 0x0c4b0000, 0x0d5c0000)
 tenured generation   total 349568K, used 99341K [0x18050000, 0x2d5b0000, 0x42b00000)
   the space 349568K,  28% used [0x18050000, 0x1e1534d8, 0x1e153600, 0x2d5b0000)
 compacting perm gen  total 16640K, used 16506K [0x42b00000, 0x43b40000, 0x46b00000)
   the space 16640K,  99% used [0x42b00000, 0x43b1e8f8, 0x43b1ea00, 0x43b40000)
No shared spaces configured.
Event: 371.096 GC heap after
Heap after GC invocations=12 (full 7):
 def new generation   total 157376K, used 8342K [0x02b00000, 0x0d5c0000, 0x18050000)
  eden space 139904K,   0% used [0x02b00000, 0x02b00000, 0x0b3a0000)
  from space 17472K,  47% used [0x0c4b0000, 0x0ccd5ba8, 0x0d5c0000)
  to   space 17472K,   0% used [0x0b3a0000, 0x0b3a0000, 0x0c4b0000)
 tenured generation   total 349568K, used 109320K [0x18050000, 0x2d5b0000, 0x42b00000)
   the space 349568K,  31% used [0x18050000, 0x1eb121c8, 0x1eb12200, 0x2d5b0000)
 compacting perm gen  total 16640K, used 16506K [0x42b00000, 0x43b40000, 0x46b00000)
   the space 16640K,  99% used [0x42b00000, 0x43b1e8f8, 0x43b1ea00, 0x43b40000)
No shared spaces configured.
}
Event: 442.413 GC heap before
{Heap before GC invocations=12 (full 7):
 def new generation   total 157376K, used 148246K [0x02b00000, 0x0d5c0000, 0x18050000)
  eden space 139904K, 100% used [0x02b00000, 0x0b3a0000, 0x0b3a0000)
  from space 17472K,  47% used [0x0c4b0000, 0x0ccd5ba8, 0x0d5c0000)
  to   space 17472K,   0% used [0x0b3a0000, 0x0b3a0000, 0x0c4b0000)
 tenured generation   total 349568K, used 109320K [0x18050000, 0x2d5b0000, 0x42b00000)
   the space 349568K,  31% used [0x18050000, 0x1eb121c8, 0x1eb12200, 0x2d5b0000)
 compacting perm gen  total 16640K, used 16512K [0x42b00000, 0x43b40000, 0x46b00000)
   the space 16640K,  99% used [0x42b00000, 0x43b200d0, 0x43b20200, 0x43b40000)
No shared spaces configured.
Event: 442.443 GC heap after
Heap after GC invocations=13 (full 7):
 def new generation   total 157376K, used 17472K [0x02b00000, 0x0d5c0000, 0x18050000)
  eden space 139904K,   0% used [0x02b00000, 0x02b00000, 0x0b3a0000)
  from space 17472K, 100% used [0x0b3a0000, 0x0c4b0000, 0x0c4b0000)
  to   space 17472K,   0% used [0x0c4b0000, 0x0c4b0000, 0x0d5c0000)
 tenured generation   total 349568K, used 113228K [0x18050000, 0x2d5b0000, 0x42b00000)
   the space 349568K,  32% used [0x18050000, 0x1eee30e0, 0x1eee3200, 0x2d5b0000)
 compacting perm gen  total 16640K, used 16512K [0x42b00000, 0x43b40000, 0x46b00000)
   the space 16640K,  99% used [0x42b00000, 0x43b200d0, 0x43b20200, 0x43b40000)
No shared spaces configured.
}
Event: 510.562 GC heap before
{Heap before GC invocations=13 (full 7):
 def new generation   total 157376K, used 157353K [0x02b00000, 0x0d5c0000, 0x18050000)
  eden space 139904K,  99% used [0x02b00000, 0x0b39a410, 0x0b3a0000)
  from space 17472K, 100% used [0x0b3a0000, 0x0c4b0000, 0x0c4b0000)
  to   space 17472K,   0% used [0x0c4b0000, 0x0c4b0000, 0x0d5c0000)
 tenured generation   total 349568K, used 113228K [0x18050000, 0x2d5b0000, 0x42b00000)
   the space 349568K,  32% used [0x18050000, 0x1eee30e0, 0x1eee3200, 0x2d5b0000)
 compacting perm gen  total 16640K, used 16569K [0x42b00000, 0x43b40000, 0x46b00000)
   the space 16640K,  99% used [0x42b00000, 0x43b2e420, 0x43b2e600, 0x43b40000)
No shared spaces configured.
Event: 510.595 GC heap after
Heap after GC invocations=14 (full 7):
 def new generation   total 157376K, used 4849K [0x02b00000, 0x0d5c0000, 0x18050000)
  eden space 139904K,   0% used [0x02b00000, 0x02b00000, 0x0b3a0000)
  from space 17472K,  27% used [0x0c4b0000, 0x0c96c5f0, 0x0d5c0000)
  to   space 17472K,   0% used [0x0b3a0000, 0x0b3a0000, 0x0c4b0000)
 tenured generation   total 349568K, used 128628K [0x18050000, 0x2d5b0000, 0x42b00000)
   the space 349568K,  36% used [0x18050000, 0x1fded320, 0x1fded400, 0x2d5b0000)
 compacting perm gen  total 16640K, used 16569K [0x42b00000, 0x43b40000, 0x46b00000)
   the space 16640K,  99% used [0x42b00000, 0x43b2e420, 0x43b2e600, 0x43b40000)
No shared spaces configured.
}

