# JRE version: 7.0_05-b05
# Java VM: Java HotSpot(TM) Client VM (23.1-b03 mixed mode windows-x86 )
Heap
 def new generation   total 157376K, used 126069K [0x02b00000, 0x0d5c0000, 0x18050000)
  eden space 139904K,  77% used [0x02b00000, 0x0950d538, 0x0b3a0000)
  from space 17472K, 100% used [0x0b3a0000, 0x0c4b0000, 0x0c4b0000)
  to   space 17472K,   0% used [0x0c4b0000, 0x0c4b0000, 0x0d5c0000)
 tenured generation   total 349568K, used 111054K [0x18050000, 0x2d5b0000, 0x42b00000)
   the space 349568K,  31% used [0x18050000, 0x1ecc3870, 0x1ecc3a00, 0x2d5b0000)
 compacting perm gen  total 17152K, used 16945K [0x42b00000, 0x43bc0000, 0x46b00000)
   the space 17152K,  98% used [0x42b00000, 0x43b8c780, 0x43b8c800, 0x43bc0000)
GC Heap History (10 events):
Event: 1679.945 GC heap before
{Heap before GC invocations=28 (full 7):
 def new generation   total 157376K, used 141158K [0x02b00000, 0x0d5c0000, 0x18050000)
  eden space 139904K,  94% used [0x02b00000, 0x0abfa1e0, 0x0b3a0000)
  from space 17472K,  52% used [0x0c4b0000, 0x0cd8f988, 0x0d5c0000)
  to   space 17472K,   0% used [0x0b3a0000, 0x0b3a0000, 0x0c4b0000)
 tenured generation   total 349568K, used 128152K [0x18050000, 0x2d5b0000, 0x42b00000)
   the space 349568K,  36% used [0x18050000, 0x1fd763b8, 0x1fd76400, 0x2d5b0000)
 compacting perm gen  total 17152K, used 16963K [0x42b00000, 0x43bc0000, 0x46b00000)
   the space 17152K,  98% used [0x42b00000, 0x43b90f48, 0x43b91000, 0x43bc0000)
No shared spaces configured.
Event: 1680.299 GC heap after
Heap after GC invocations=29 (full 8):
 def new generation   total 157376K, used 0K [0x02b00000, 0x0d5c0000, 0x18050000)
  eden space 139904K,   0% used [0x02b00000, 0x02b00000, 0x0b3a0000)
  from space 17472K,   0% used [0x0c4b0000, 0x0c4b0000, 0x0d5c0000)
  to   space 17472K,   0% used [0x0b3a0000, 0x0b3a0000, 0x0c4b0000)
 tenured generation   total 349568K, used 87444K [0x18050000, 0x2d5b0000, 0x42b00000)
   the space 349568K,  25% used [0x18050000, 0x1d5b52f0, 0x1d5b5400, 0x2d5b0000)
 compacting perm gen  total 17152K, used 16941K [0x42b00000, 0x43bc0000, 0x46b00000)
   the space 17152K,  98% used [0x42b00000, 0x43b8b6e0, 0x43b8b800, 0x43bc0000)
No shared spaces configured.
}
Event: 1680.456 GC heap before
{Heap before GC invocations=29 (full 8):
 def new generation   total 157376K, used 5517K [0x02b00000, 0x0d5c0000, 0x18050000)
  eden space 139904K,   3% used [0x02b00000, 0x030635a8, 0x0b3a0000)
  from space 17472K,   0% used [0x0c4b0000, 0x0c4b0000, 0x0d5c0000)
  to   space 17472K,   0% used [0x0b3a0000, 0x0b3a0000, 0x0c4b0000)
 tenured generation   total 349568K, used 87444K [0x18050000, 0x2d5b0000, 0x42b00000)
   the space 349568K,  25% used [0x18050000, 0x1d5b52f0, 0x1d5b5400, 0x2d5b0000)
 compacting perm gen  total 17152K, used 16941K [0x42b00000, 0x43bc0000, 0x46b00000)
   the space 17152K,  98% used [0x42b00000, 0x43b8b6e0, 0x43b8b800, 0x43bc0000)
No shared spaces configured.
Event: 1680.662 GC heap after
Heap after GC invocations=30 (full 9):
 def new generation   total 157376K, used 0K [0x02b00000, 0x0d5c0000, 0x18050000)
  eden space 139904K,   0% used [0x02b00000, 0x02b00000, 0x0b3a0000)
  from space 17472K,   0% used [0x0c4b0000, 0x0c4b0000, 0x0d5c0000)
  to   space 17472K,   0% used [0x0b3a0000, 0x0b3a0000, 0x0c4b0000)
 tenured generation   total 349568K, used 90545K [0x18050000, 0x2d5b0000, 0x42b00000)
   the space 349568K,  25% used [0x18050000, 0x1d8bc400, 0x1d8bc400, 0x2d5b0000)
 compacting perm gen  total 17152K, used 16941K [0x42b00000, 0x43bc0000, 0x46b00000)
   the space 17152K,  98% used [0x42b00000, 0x43b8b6e0, 0x43b8b800, 0x43bc0000)
No shared spaces configured.
}
Event: 1715.623 GC heap before
{Heap before GC invocations=30 (full 9):
 def new generation   total 157376K, used 72390K [0x02b00000, 0x0d5c0000, 0x18050000)
  eden space 139904K,  51% used [0x02b00000, 0x071b1a88, 0x0b3a0000)
  from space 17472K,   0% used [0x0c4b0000, 0x0c4b0000, 0x0d5c0000)
  to   space 17472K,   0% used [0x0b3a0000, 0x0b3a0000, 0x0c4b0000)
 tenured generation   total 349568K, used 90545K [0x18050000, 0x2d5b0000, 0x42b00000)
   the space 349568K,  25% used [0x18050000, 0x1d8bc400, 0x1d8bc400, 0x2d5b0000)
 compacting perm gen  total 17152K, used 16943K [0x42b00000, 0x43bc0000, 0x46b00000)
   the space 17152K,  98% used [0x42b00000, 0x43b8be10, 0x43b8c000, 0x43bc0000)
No shared spaces configured.
Event: 1715.857 GC heap after
Heap after GC invocations=31 (full 10):
 def new generation   total 157376K, used 0K [0x02b00000, 0x0d5c0000, 0x18050000)
  eden space 139904K,   0% used [0x02b00000, 0x02b00000, 0x0b3a0000)
  from space 17472K,   0% used [0x0c4b0000, 0x0c4b0000, 0x0d5c0000)
  to   space 17472K,   0% used [0x0b3a0000, 0x0b3a0000, 0x0c4b0000)
 tenured generation   total 349568K, used 101806K [0x18050000, 0x2d5b0000, 0x42b00000)
   the space 349568K,  29% used [0x18050000, 0x1e3bb920, 0x1e3bba00, 0x2d5b0000)
 compacting perm gen  total 17152K, used 16943K [0x42b00000, 0x43bc0000, 0x46b00000)
   the space 17152K,  98% used [0x42b00000, 0x43b8be10, 0x43b8c000, 0x43bc0000)
No shared spaces configured.
}
Event: 1716.011 GC heap before
{Heap before GC invocations=31 (full 10):
 def new generation   total 157376K, used 5551K [0x02b00000, 0x0d5c0000, 0x18050000)
  eden space 139904K,   3% used [0x02b00000, 0x0306be40, 0x0b3a0000)
  from space 17472K,   0% used [0x0c4b0000, 0x0c4b0000, 0x0d5c0000)
  to   space 17472K,   0% used [0x0b3a0000, 0x0b3a0000, 0x0c4b0000)
 tenured generation   total 349568K, used 101806K [0x18050000, 0x2d5b0000, 0x42b00000)
   the space 349568K,  29% used [0x18050000, 0x1e3bb920, 0x1e3bba00, 0x2d5b0000)
 compacting perm gen  total 17152K, used 16943K [0x42b00000, 0x43bc0000, 0x46b00000)
   the space 17152K,  98% used [0x42b00000, 0x43b8be10, 0x43b8c000, 0x43bc0000)
No shared spaces configured.
Event: 1716.212 GC heap after
Heap after GC invocations=32 (full 11):
 def new generation   total 157376K, used 0K [0x02b00000, 0x0d5c0000, 0x18050000)
  eden space 139904K,   0% used [0x02b00000, 0x02b00000, 0x0b3a0000)
  from space 17472K,   0% used [0x0c4b0000, 0x0c4b0000, 0x0d5c0000)
  to   space 17472K,   0% used [0x0b3a0000, 0x0b3a0000, 0x0c4b0000)
 tenured generation   total 349568K, used 102062K [0x18050000, 0x2d5b0000, 0x42b00000)
   the space 349568K,  29% used [0x18050000, 0x1e3fba50, 0x1e3fbc00, 0x2d5b0000)
 compacting perm gen  total 17152K, used 16943K [0x42b00000, 0x43bc0000, 0x46b00000)
   the space 17152K,  98% used [0x42b00000, 0x43b8be10, 0x43b8c000, 0x43bc0000)
No shared spaces configured.
}
Event: 1798.264 GC heap before
{Heap before GC invocations=32 (full 11):
 def new generation   total 157376K, used 139878K [0x02b00000, 0x0d5c0000, 0x18050000)
  eden space 139904K,  99% used [0x02b00000, 0x0b399ba0, 0x0b3a0000)
  from space 17472K,   0% used [0x0c4b0000, 0x0c4b0000, 0x0d5c0000)
  to   space 17472K,   0% used [0x0b3a0000, 0x0b3a0000, 0x0c4b0000)
 tenured generation   total 349568K, used 102062K [0x18050000, 0x2d5b0000, 0x42b00000)
   the space 349568K,  29% used [0x18050000, 0x1e3fba50, 0x1e3fbc00, 0x2d5b0000)
 compacting perm gen  total 17152K, used 16943K [0x42b00000, 0x43bc0000, 0x46b00000)
   the space 17152K,  98% used [0x42b00000, 0x43b8be10, 0x43b8c000, 0x43bc0000)
No shared spaces configured.
Event: 1798.312 GC heap after
Heap after GC invocations=33 (full 11):
 def new generation   total 157376K, used 17472K [0x02b00000, 0x0d5c0000, 0x18050000)
  eden space 139904K,   0% used [0x02b00000, 0x02b00000, 0x0b3a0000)
  from space 17472K, 100% used [0x0b3a0000, 0x0c4b0000, 0x0c4b0000)
  to   space 17472K,   0% used [0x0c4b0000, 0x0c4b0000, 0x0d5c0000)
 tenured generation   total 349568K, used 111054K [0x18050000, 0x2d5b0000, 0x42b00000)
   the space 349568K,  31% used [0x18050000, 0x1ecc3870, 0x1ecc3a00, 0x2d5b0000)
 compacting perm gen  total 17152K, used 16943K [0x42b00000, 0x43bc0000, 0x46b00000)
   the space 17152K,  98% used [0x42b00000, 0x43b8be10, 0x43b8c000, 0x43bc0000)
No shared spaces configured.
}

