# JRE version: 7.0_05-b05
# Java VM: Java HotSpot(TM) Client VM (23.1-b03 mixed mode windows-x86 )
Heap
 def new generation   total 157376K, used 74763K [0x02b00000, 0x0d5c0000, 0x18050000)
  eden space 139904K,  40% used [0x02b00000, 0x062f2d58, 0x0b3a0000)
  from space 17472K, 100% used [0x0b3a0000, 0x0c4b0000, 0x0c4b0000)
  to   space 17472K,   0% used [0x0c4b0000, 0x0c4b0000, 0x0d5c0000)
 tenured generation   total 349568K, used 70476K [0x18050000, 0x2d5b0000, 0x42b00000)
   the space 349568K,  20% used [0x18050000, 0x1c523130, 0x1c523200, 0x2d5b0000)
 compacting perm gen  total 16896K, used 16839K [0x42b00000, 0x43b80000, 0x46b00000)
   the space 16896K,  99% used [0x42b00000, 0x43b71c00, 0x43b71c00, 0x43b80000)
GC Heap History (10 events):
Event: 4340.126 GC heap before
{Heap before GC invocations=42 (full 2):
 def new generation   total 157376K, used 147016K [0x02b00000, 0x0d5c0000, 0x18050000)
  eden space 139904K, 100% used [0x02b00000, 0x0b3a0000, 0x0b3a0000)
  from space 17472K,  40% used [0x0b3a0000, 0x0ba92178, 0x0c4b0000)
  to   space 17472K,   0% used [0x0c4b0000, 0x0c4b0000, 0x0d5c0000)
 tenured generation   total 349568K, used 72621K [0x18050000, 0x2d5b0000, 0x42b00000)
   the space 349568K,  20% used [0x18050000, 0x1c73b710, 0x1c73b800, 0x2d5b0000)
 compacting perm gen  total 16896K, used 16810K [0x42b00000, 0x43b80000, 0x46b00000)
   the space 16896K,  99% used [0x42b00000, 0x43b6ab10, 0x43b6ac00, 0x43b80000)
No shared spaces configured.
Event: 4340.143 GC heap after
Heap after GC invocations=43 (full 2):
 def new generation   total 157376K, used 6468K [0x02b00000, 0x0d5c0000, 0x18050000)
  eden space 139904K,   0% used [0x02b00000, 0x02b00000, 0x0b3a0000)
  from space 17472K,  37% used [0x0c4b0000, 0x0cb01040, 0x0d5c0000)
  to   space 17472K,   0% used [0x0b3a0000, 0x0b3a0000, 0x0c4b0000)
 tenured generation   total 349568K, used 73476K [0x18050000, 0x2d5b0000, 0x42b00000)
   the space 349568K,  21% used [0x18050000, 0x1c811078, 0x1c811200, 0x2d5b0000)
 compacting perm gen  total 16896K, used 16810K [0x42b00000, 0x43b80000, 0x46b00000)
   the space 16896K,  99% used [0x42b00000, 0x43b6ab10, 0x43b6ac00, 0x43b80000)
No shared spaces configured.
}
Event: 4355.955 GC heap before
{Heap before GC invocations=43 (full 2):
 def new generation   total 157376K, used 22870K [0x02b00000, 0x0d5c0000, 0x18050000)
  eden space 139904K,  11% used [0x02b00000, 0x03b04a88, 0x0b3a0000)
  from space 17472K,  37% used [0x0c4b0000, 0x0cb01040, 0x0d5c0000)
  to   space 17472K,   0% used [0x0b3a0000, 0x0b3a0000, 0x0c4b0000)
 tenured generation   total 349568K, used 73476K [0x18050000, 0x2d5b0000, 0x42b00000)
   the space 349568K,  21% used [0x18050000, 0x1c811078, 0x1c811200, 0x2d5b0000)
 compacting perm gen  total 16896K, used 16820K [0x42b00000, 0x43b80000, 0x46b00000)
   the space 16896K,  99% used [0x42b00000, 0x43b6d2a0, 0x43b6d400, 0x43b80000)
No shared spaces configured.
Event: 4356.202 GC heap after
Heap after GC invocations=44 (full 3):
 def new generation   total 157376K, used 0K [0x02b00000, 0x0d5c0000, 0x18050000)
  eden space 139904K,   0% used [0x02b00000, 0x02b00000, 0x0b3a0000)
  from space 17472K,   0% used [0x0c4b0000, 0x0c4b0000, 0x0d5c0000)
  to   space 17472K,   0% used [0x0b3a0000, 0x0b3a0000, 0x0c4b0000)
 tenured generation   total 349568K, used 79680K [0x18050000, 0x2d5b0000, 0x42b00000)
   the space 349568K,  22% used [0x18050000, 0x1ce20198, 0x1ce20200, 0x2d5b0000)
 compacting perm gen  total 16896K, used 16820K [0x42b00000, 0x43b80000, 0x46b00000)
   the space 16896K,  99% used [0x42b00000, 0x43b6d2a0, 0x43b6d400, 0x43b80000)
No shared spaces configured.
}
Event: 4368.312 GC heap before
{Heap before GC invocations=44 (full 3):
 def new generation   total 157376K, used 18058K [0x02b00000, 0x0d5c0000, 0x18050000)
  eden space 139904K,  12% used [0x02b00000, 0x03ca28e8, 0x0b3a0000)
  from space 17472K,   0% used [0x0c4b0000, 0x0c4b0000, 0x0d5c0000)
  to   space 17472K,   0% used [0x0b3a0000, 0x0b3a0000, 0x0c4b0000)
 tenured generation   total 349568K, used 79680K [0x18050000, 0x2d5b0000, 0x42b00000)
   the space 349568K,  22% used [0x18050000, 0x1ce20198, 0x1ce20200, 0x2d5b0000)
 compacting perm gen  total 16896K, used 16821K [0x42b00000, 0x43b80000, 0x46b00000)
   the space 16896K,  99% used [0x42b00000, 0x43b6d400, 0x43b6d400, 0x43b80000)
No shared spaces configured.
Event: 4368.617 GC heap after
Heap after GC invocations=45 (full 4):
 def new generation   total 157376K, used 0K [0x02b00000, 0x0d5c0000, 0x18050000)
  eden space 139904K,   0% used [0x02b00000, 0x02b00000, 0x0b3a0000)
  from space 17472K,   0% used [0x0c4b0000, 0x0c4b0000, 0x0d5c0000)
  to   space 17472K,   0% used [0x0b3a0000, 0x0b3a0000, 0x0c4b0000)
 tenured generation   total 349568K, used 61106K [0x18050000, 0x2d5b0000, 0x42b00000)
   the space 349568K,  17% used [0x18050000, 0x1bbfcb38, 0x1bbfcc00, 0x2d5b0000)
 compacting perm gen  total 16896K, used 16780K [0x42b00000, 0x43b80000, 0x46b00000)
   the space 16896K,  99% used [0x42b00000, 0x43b630b8, 0x43b63200, 0x43b80000)
No shared spaces configured.
}
Event: 4369.394 GC heap before
{Heap before GC invocations=45 (full 4):
 def new generation   total 157376K, used 4280K [0x02b00000, 0x0d5c0000, 0x18050000)
  eden space 139904K,   3% used [0x02b00000, 0x02f2e2d8, 0x0b3a0000)
  from space 17472K,   0% used [0x0c4b0000, 0x0c4b0000, 0x0d5c0000)
  to   space 17472K,   0% used [0x0b3a0000, 0x0b3a0000, 0x0c4b0000)
 tenured generation   total 349568K, used 61106K [0x18050000, 0x2d5b0000, 0x42b00000)
   the space 349568K,  17% used [0x18050000, 0x1bbfcb38, 0x1bbfcc00, 0x2d5b0000)
 compacting perm gen  total 16896K, used 16807K [0x42b00000, 0x43b80000, 0x46b00000)
   the space 16896K,  99% used [0x42b00000, 0x43b69de8, 0x43b69e00, 0x43b80000)
No shared spaces configured.
Event: 4369.536 GC heap after
Heap after GC invocations=46 (full 5):
 def new generation   total 157376K, used 0K [0x02b00000, 0x0d5c0000, 0x18050000)
  eden space 139904K,   0% used [0x02b00000, 0x02b00000, 0x0b3a0000)
  from space 17472K,   0% used [0x0c4b0000, 0x0c4b0000, 0x0d5c0000)
  to   space 17472K,   0% used [0x0b3a0000, 0x0b3a0000, 0x0c4b0000)
 tenured generation   total 349568K, used 62601K [0x18050000, 0x2d5b0000, 0x42b00000)
   the space 349568K,  17% used [0x18050000, 0x1bd72710, 0x1bd72800, 0x2d5b0000)
 compacting perm gen  total 16896K, used 16807K [0x42b00000, 0x43b80000, 0x46b00000)
   the space 16896K,  99% used [0x42b00000, 0x43b69de8, 0x43b69e00, 0x43b80000)
No shared spaces configured.
}
Event: 4421.155 GC heap before
{Heap before GC invocations=46 (full 5):
 def new generation   total 157376K, used 139904K [0x02b00000, 0x0d5c0000, 0x18050000)
  eden space 139904K, 100% used [0x02b00000, 0x0b3a0000, 0x0b3a0000)
  from space 17472K,   0% used [0x0c4b0000, 0x0c4b0000, 0x0d5c0000)
  to   space 17472K,   0% used [0x0b3a0000, 0x0b3a0000, 0x0c4b0000)
 tenured generation   total 349568K, used 62601K [0x18050000, 0x2d5b0000, 0x42b00000)
   the space 349568K,  17% used [0x18050000, 0x1bd72710, 0x1bd72800, 0x2d5b0000)
 compacting perm gen  total 16896K, used 16839K [0x42b00000, 0x43b80000, 0x46b00000)
   the space 16896K,  99% used [0x42b00000, 0x43b71c00, 0x43b71c00, 0x43b80000)
No shared spaces configured.
Event: 4421.198 GC heap after
Heap after GC invocations=47 (full 5):
 def new generation   total 157376K, used 17472K [0x02b00000, 0x0d5c0000, 0x18050000)
  eden space 139904K,   0% used [0x02b00000, 0x02b00000, 0x0b3a0000)
  from space 17472K, 100% used [0x0b3a0000, 0x0c4b0000, 0x0c4b0000)
  to   space 17472K,   0% used [0x0c4b0000, 0x0c4b0000, 0x0d5c0000)
 tenured generation   total 349568K, used 70476K [0x18050000, 0x2d5b0000, 0x42b00000)
   the space 349568K,  20% used [0x18050000, 0x1c523130, 0x1c523200, 0x2d5b0000)
 compacting perm gen  total 16896K, used 16839K [0x42b00000, 0x43b80000, 0x46b00000)
   the space 16896K,  99% used [0x42b00000, 0x43b71c00, 0x43b71c00, 0x43b80000)
No shared spaces configured.
}

