# JRE version: 7.0_05-b05
# Java VM: Java HotSpot(TM) Client VM (23.1-b03 mixed mode windows-x86 )
Heap
 def new generation   total 157376K, used 74894K [0x02b00000, 0x0d5c0000, 0x18050000)
  eden space 139904K,  44% used [0x02b00000, 0x068221c0, 0x0b3a0000)
  from space 17472K,  70% used [0x0c4b0000, 0x0d0b1820, 0x0d5c0000)
  to   space 17472K,   0% used [0x0b3a0000, 0x0b3a0000, 0x0c4b0000)
 tenured generation   total 349568K, used 70279K [0x18050000, 0x2d5b0000, 0x42b00000)
   the space 349568K,  20% used [0x18050000, 0x1c4f1cd8, 0x1c4f1e00, 0x2d5b0000)
 compacting perm gen  total 16640K, used 16567K [0x42b00000, 0x43b40000, 0x46b00000)
   the space 16640K,  99% used [0x42b00000, 0x43b2de88, 0x43b2e000, 0x43b40000)
GC Heap History (10 events):
Event: 162.383 GC heap before
{Heap before GC invocations=6 (full 2):
 def new generation   total 157376K, used 142691K [0x02b00000, 0x0d5c0000, 0x18050000)
  eden space 139904K, 100% used [0x02b00000, 0x0b3a0000, 0x0b3a0000)
  from space 17472K,  15% used [0x0b3a0000, 0x0b658d88, 0x0c4b0000)
  to   space 17472K,   0% used [0x0c4b0000, 0x0c4b0000, 0x0d5c0000)
 tenured generation   total 349568K, used 70519K [0x18050000, 0x2d5b0000, 0x42b00000)
   the space 349568K,  20% used [0x18050000, 0x1c52de48, 0x1c52e000, 0x2d5b0000)
 compacting perm gen  total 16640K, used 16494K [0x42b00000, 0x43b40000, 0x46b00000)
   the space 16640K,  99% used [0x42b00000, 0x43b1b840, 0x43b1ba00, 0x43b40000)
No shared spaces configured.
Event: 162.413 GC heap after
Heap after GC invocations=7 (full 2):
 def new generation   total 157376K, used 13035K [0x02b00000, 0x0d5c0000, 0x18050000)
  eden space 139904K,   0% used [0x02b00000, 0x02b00000, 0x0b3a0000)
  from space 17472K,  74% used [0x0c4b0000, 0x0d16adb0, 0x0d5c0000)
  to   space 17472K,   0% used [0x0b3a0000, 0x0b3a0000, 0x0c4b0000)
 tenured generation   total 349568K, used 70519K [0x18050000, 0x2d5b0000, 0x42b00000)
   the space 349568K,  20% used [0x18050000, 0x1c52de48, 0x1c52e000, 0x2d5b0000)
 compacting perm gen  total 16640K, used 16494K [0x42b00000, 0x43b40000, 0x46b00000)
   the space 16640K,  99% used [0x42b00000, 0x43b1b840, 0x43b1ba00, 0x43b40000)
No shared spaces configured.
}
Event: 231.965 GC heap before
{Heap before GC invocations=7 (full 2):
 def new generation   total 157376K, used 152897K [0x02b00000, 0x0d5c0000, 0x18050000)
  eden space 139904K,  99% used [0x02b00000, 0x0b395740, 0x0b3a0000)
  from space 17472K,  74% used [0x0c4b0000, 0x0d16adb0, 0x0d5c0000)
  to   space 17472K,   0% used [0x0b3a0000, 0x0b3a0000, 0x0c4b0000)
 tenured generation   total 349568K, used 70519K [0x18050000, 0x2d5b0000, 0x42b00000)
   the space 349568K,  20% used [0x18050000, 0x1c52de48, 0x1c52e000, 0x2d5b0000)
 compacting perm gen  total 16640K, used 16549K [0x42b00000, 0x43b40000, 0x46b00000)
   the space 16640K,  99% used [0x42b00000, 0x43b29548, 0x43b29600, 0x43b40000)
No shared spaces configured.
Event: 232.000 GC heap after
Heap after GC invocations=8 (full 2):
 def new generation   total 157376K, used 8930K [0x02b00000, 0x0d5c0000, 0x18050000)
  eden space 139904K,   0% used [0x02b00000, 0x02b00000, 0x0b3a0000)
  from space 17472K,  51% used [0x0b3a0000, 0x0bc58ac0, 0x0c4b0000)
  to   space 17472K,   0% used [0x0c4b0000, 0x0c4b0000, 0x0d5c0000)
 tenured generation   total 349568K, used 79767K [0x18050000, 0x2d5b0000, 0x42b00000)
   the space 349568K,  22% used [0x18050000, 0x1ce35e28, 0x1ce36000, 0x2d5b0000)
 compacting perm gen  total 16640K, used 16549K [0x42b00000, 0x43b40000, 0x46b00000)
   the space 16640K,  99% used [0x42b00000, 0x43b29548, 0x43b29600, 0x43b40000)
No shared spaces configured.
}
Event: 291.303 GC heap before
{Heap before GC invocations=8 (full 2):
 def new generation   total 157376K, used 139165K [0x02b00000, 0x0d5c0000, 0x18050000)
  eden space 139904K,  93% used [0x02b00000, 0x0aa2eac8, 0x0b3a0000)
  from space 17472K,  51% used [0x0b3a0000, 0x0bc58ac0, 0x0c4b0000)
  to   space 17472K,   0% used [0x0c4b0000, 0x0c4b0000, 0x0d5c0000)
 tenured generation   total 349568K, used 79767K [0x18050000, 0x2d5b0000, 0x42b00000)
   the space 349568K,  22% used [0x18050000, 0x1ce35e28, 0x1ce36000, 0x2d5b0000)
 compacting perm gen  total 16640K, used 16565K [0x42b00000, 0x43b40000, 0x46b00000)
   the space 16640K,  99% used [0x42b00000, 0x43b2d518, 0x43b2d600, 0x43b40000)
No shared spaces configured.
Event: 291.530 GC heap after
Heap after GC invocations=9 (full 3):
 def new generation   total 157376K, used 0K [0x02b00000, 0x0d5c0000, 0x18050000)
  eden space 139904K,   0% used [0x02b00000, 0x02b00000, 0x0b3a0000)
  from space 17472K,   0% used [0x0b3a0000, 0x0b3a0000, 0x0c4b0000)
  to   space 17472K,   0% used [0x0c4b0000, 0x0c4b0000, 0x0d5c0000)
 tenured generation   total 349568K, used 88931K [0x18050000, 0x2d5b0000, 0x42b00000)
   the space 349568K,  25% used [0x18050000, 0x1d728c38, 0x1d728e00, 0x2d5b0000)
 compacting perm gen  total 16640K, used 16565K [0x42b00000, 0x43b40000, 0x46b00000)
   the space 16640K,  99% used [0x42b00000, 0x43b2d518, 0x43b2d600, 0x43b40000)
No shared spaces configured.
}
Event: 291.735 GC heap before
{Heap before GC invocations=9 (full 3):
 def new generation   total 157376K, used 6152K [0x02b00000, 0x0d5c0000, 0x18050000)
  eden space 139904K,   4% used [0x02b00000, 0x031021f8, 0x0b3a0000)
  from space 17472K,   0% used [0x0b3a0000, 0x0b3a0000, 0x0c4b0000)
  to   space 17472K,   0% used [0x0c4b0000, 0x0c4b0000, 0x0d5c0000)
 tenured generation   total 349568K, used 88931K [0x18050000, 0x2d5b0000, 0x42b00000)
   the space 349568K,  25% used [0x18050000, 0x1d728c38, 0x1d728e00, 0x2d5b0000)
 compacting perm gen  total 16640K, used 16565K [0x42b00000, 0x43b40000, 0x46b00000)
   the space 16640K,  99% used [0x42b00000, 0x43b2d518, 0x43b2d600, 0x43b40000)
No shared spaces configured.
Event: 291.994 GC heap after
Heap after GC invocations=10 (full 4):
 def new generation   total 157376K, used 0K [0x02b00000, 0x0d5c0000, 0x18050000)
  eden space 139904K,   0% used [0x02b00000, 0x02b00000, 0x0b3a0000)
  from space 17472K,   0% used [0x0b3a0000, 0x0b3a0000, 0x0c4b0000)
  to   space 17472K,   0% used [0x0c4b0000, 0x0c4b0000, 0x0d5c0000)
 tenured generation   total 349568K, used 70279K [0x18050000, 0x2d5b0000, 0x42b00000)
   the space 349568K,  20% used [0x18050000, 0x1c4f1cd8, 0x1c4f1e00, 0x2d5b0000)
 compacting perm gen  total 16640K, used 16554K [0x42b00000, 0x43b40000, 0x46b00000)
   the space 16640K,  99% used [0x42b00000, 0x43b2aa20, 0x43b2ac00, 0x43b40000)
No shared spaces configured.
}
Event: 317.051 GC heap before
{Heap before GC invocations=10 (full 4):
 def new generation   total 157376K, used 139904K [0x02b00000, 0x0d5c0000, 0x18050000)
  eden space 139904K, 100% used [0x02b00000, 0x0b3a0000, 0x0b3a0000)
  from space 17472K,   0% used [0x0b3a0000, 0x0b3a0000, 0x0c4b0000)
  to   space 17472K,   0% used [0x0c4b0000, 0x0c4b0000, 0x0d5c0000)
 tenured generation   total 349568K, used 70279K [0x18050000, 0x2d5b0000, 0x42b00000)
   the space 349568K,  20% used [0x18050000, 0x1c4f1cd8, 0x1c4f1e00, 0x2d5b0000)
 compacting perm gen  total 16640K, used 16562K [0x42b00000, 0x43b40000, 0x46b00000)
   the space 16640K,  99% used [0x42b00000, 0x43b2cbd0, 0x43b2cc00, 0x43b40000)
No shared spaces configured.
Event: 317.076 GC heap after
Heap after GC invocations=11 (full 4):
 def new generation   total 157376K, used 12294K [0x02b00000, 0x0d5c0000, 0x18050000)
  eden space 139904K,   0% used [0x02b00000, 0x02b00000, 0x0b3a0000)
  from space 17472K,  70% used [0x0c4b0000, 0x0d0b1820, 0x0d5c0000)
  to   space 17472K,   0% used [0x0b3a0000, 0x0b3a0000, 0x0c4b0000)
 tenured generation   total 349568K, used 70279K [0x18050000, 0x2d5b0000, 0x42b00000)
   the space 349568K,  20% used [0x18050000, 0x1c4f1cd8, 0x1c4f1e00, 0x2d5b0000)
 compacting perm gen  total 16640K, used 16562K [0x42b00000, 0x43b40000, 0x46b00000)
   the space 16640K,  99% used [0x42b00000, 0x43b2cbd0, 0x43b2cc00, 0x43b40000)
No shared spaces configured.
}

