# JRE version: 7.0_05-b05
# Java VM: Java HotSpot(TM) Client VM (23.1-b03 mixed mode windows-x86 )
Heap
 def new generation   total 157376K, used 41282K [0x02b00000, 0x0d5c0000, 0x18050000)
  eden space 139904K,  17% used [0x02b00000, 0x04240a10, 0x0b3a0000)
  from space 17472K, 100% used [0x0c4b0000, 0x0d5c0000, 0x0d5c0000)
  to   space 17472K,   0% used [0x0b3a0000, 0x0b3a0000, 0x0c4b0000)
 tenured generation   total 349568K, used 162708K [0x18050000, 0x2d5b0000, 0x42b00000)
   the space 349568K,  46% used [0x18050000, 0x21f35310, 0x21f35400, 0x2d5b0000)
 compacting perm gen  total 16896K, used 16663K [0x42b00000, 0x43b80000, 0x46b00000)
   the space 16896K,  98% used [0x42b00000, 0x43b45f40, 0x43b46000, 0x43b80000)
GC Heap History (10 events):
Event: 3299.429 GC heap before
{Heap before GC invocations=98 (full 24):
 def new generation   total 157376K, used 157376K [0x02b00000, 0x0d5c0000, 0x18050000)
  eden space 139904K, 100% used [0x02b00000, 0x0b3a0000, 0x0b3a0000)
  from space 17472K, 100% used [0x0b3a0000, 0x0c4b0000, 0x0c4b0000)
  to   space 17472K,   0% used [0x0c4b0000, 0x0c4b0000, 0x0d5c0000)
 tenured generation   total 349568K, used 141641K [0x18050000, 0x2d5b0000, 0x42b00000)
   the space 349568K,  40% used [0x18050000, 0x20aa24f8, 0x20aa2600, 0x2d5b0000)
 compacting perm gen  total 16896K, used 16663K [0x42b00000, 0x43b80000, 0x46b00000)
   the space 16896K,  98% used [0x42b00000, 0x43b45eb0, 0x43b46000, 0x43b80000)
No shared spaces configured.
Event: 3299.460 GC heap after
Heap after GC invocations=99 (full 24):
 def new generation   total 157376K, used 3742K [0x02b00000, 0x0d5c0000, 0x18050000)
  eden space 139904K,   0% used [0x02b00000, 0x02b00000, 0x0b3a0000)
  from space 17472K,  21% used [0x0c4b0000, 0x0c857bd0, 0x0d5c0000)
  to   space 17472K,   0% used [0x0b3a0000, 0x0b3a0000, 0x0c4b0000)
 tenured generation   total 349568K, used 157755K [0x18050000, 0x2d5b0000, 0x42b00000)
   the space 349568K,  45% used [0x18050000, 0x21a5ec08, 0x21a5ee00, 0x2d5b0000)
 compacting perm gen  total 16896K, used 16663K [0x42b00000, 0x43b80000, 0x46b00000)
   the space 16896K,  98% used [0x42b00000, 0x43b45eb0, 0x43b46000, 0x43b80000)
No shared spaces configured.
}
Event: 3334.455 GC heap before
{Heap before GC invocations=99 (full 24):
 def new generation   total 157376K, used 143646K [0x02b00000, 0x0d5c0000, 0x18050000)
  eden space 139904K, 100% used [0x02b00000, 0x0b3a0000, 0x0b3a0000)
  from space 17472K,  21% used [0x0c4b0000, 0x0c857bd0, 0x0d5c0000)
  to   space 17472K,   0% used [0x0b3a0000, 0x0b3a0000, 0x0c4b0000)
 tenured generation   total 349568K, used 157755K [0x18050000, 0x2d5b0000, 0x42b00000)
   the space 349568K,  45% used [0x18050000, 0x21a5ec08, 0x21a5ee00, 0x2d5b0000)
 compacting perm gen  total 16896K, used 16663K [0x42b00000, 0x43b80000, 0x46b00000)
   the space 16896K,  98% used [0x42b00000, 0x43b45eb0, 0x43b46000, 0x43b80000)
No shared spaces configured.
Event: 3334.468 GC heap after
Heap after GC invocations=100 (full 24):
 def new generation   total 157376K, used 3983K [0x02b00000, 0x0d5c0000, 0x18050000)
  eden space 139904K,   0% used [0x02b00000, 0x02b00000, 0x0b3a0000)
  from space 17472K,  22% used [0x0b3a0000, 0x0b783fa8, 0x0c4b0000)
  to   space 17472K,   0% used [0x0c4b0000, 0x0c4b0000, 0x0d5c0000)
 tenured generation   total 349568K, used 157755K [0x18050000, 0x2d5b0000, 0x42b00000)
   the space 349568K,  45% used [0x18050000, 0x21a5ec08, 0x21a5ee00, 0x2d5b0000)
 compacting perm gen  total 16896K, used 16663K [0x42b00000, 0x43b80000, 0x46b00000)
   the space 16896K,  98% used [0x42b00000, 0x43b45eb0, 0x43b46000, 0x43b80000)
No shared spaces configured.
}
Event: 3350.776 GC heap before
{Heap before GC invocations=100 (full 24):
 def new generation   total 157376K, used 138508K [0x02b00000, 0x0d5c0000, 0x18050000)
  eden space 139904K,  96% used [0x02b00000, 0x0ae5f0d0, 0x0b3a0000)
  from space 17472K,  22% used [0x0b3a0000, 0x0b783fa8, 0x0c4b0000)
  to   space 17472K,   0% used [0x0c4b0000, 0x0c4b0000, 0x0d5c0000)
 tenured generation   total 349568K, used 157755K [0x18050000, 0x2d5b0000, 0x42b00000)
   the space 349568K,  45% used [0x18050000, 0x21a5ec08, 0x21a5ee00, 0x2d5b0000)
 compacting perm gen  total 16896K, used 16663K [0x42b00000, 0x43b80000, 0x46b00000)
   the space 16896K,  98% used [0x42b00000, 0x43b45eb0, 0x43b46000, 0x43b80000)
No shared spaces configured.
Event: 3351.064 GC heap after
Heap after GC invocations=101 (full 25):
 def new generation   total 157376K, used 0K [0x02b00000, 0x0d5c0000, 0x18050000)
  eden space 139904K,   0% used [0x02b00000, 0x02b00000, 0x0b3a0000)
  from space 17472K,   0% used [0x0b3a0000, 0x0b3a0000, 0x0c4b0000)
  to   space 17472K,   0% used [0x0c4b0000, 0x0c4b0000, 0x0d5c0000)
 tenured generation   total 349568K, used 152674K [0x18050000, 0x2d5b0000, 0x42b00000)
   the space 349568K,  43% used [0x18050000, 0x21568950, 0x21568a00, 0x2d5b0000)
 compacting perm gen  total 16896K, used 16663K [0x42b00000, 0x43b80000, 0x46b00000)
   the space 16896K,  98% used [0x42b00000, 0x43b45eb0, 0x43b46000, 0x43b80000)
No shared spaces configured.
}
Event: 3351.150 GC heap before
{Heap before GC invocations=101 (full 25):
 def new generation   total 157376K, used 2608K [0x02b00000, 0x0d5c0000, 0x18050000)
  eden space 139904K,   1% used [0x02b00000, 0x02d8c0c8, 0x0b3a0000)
  from space 17472K,   0% used [0x0b3a0000, 0x0b3a0000, 0x0c4b0000)
  to   space 17472K,   0% used [0x0c4b0000, 0x0c4b0000, 0x0d5c0000)
 tenured generation   total 349568K, used 152674K [0x18050000, 0x2d5b0000, 0x42b00000)
   the space 349568K,  43% used [0x18050000, 0x21568950, 0x21568a00, 0x2d5b0000)
 compacting perm gen  total 16896K, used 16663K [0x42b00000, 0x43b80000, 0x46b00000)
   the space 16896K,  98% used [0x42b00000, 0x43b45eb0, 0x43b46000, 0x43b80000)
No shared spaces configured.
Event: 3351.371 GC heap after
Heap after GC invocations=102 (full 26):
 def new generation   total 157376K, used 0K [0x02b00000, 0x0d5c0000, 0x18050000)
  eden space 139904K,   0% used [0x02b00000, 0x02b00000, 0x0b3a0000)
  from space 17472K,   0% used [0x0b3a0000, 0x0b3a0000, 0x0c4b0000)
  to   space 17472K,   0% used [0x0c4b0000, 0x0c4b0000, 0x0d5c0000)
 tenured generation   total 349568K, used 152819K [0x18050000, 0x2d5b0000, 0x42b00000)
   the space 349568K,  43% used [0x18050000, 0x2158cc70, 0x2158ce00, 0x2d5b0000)
 compacting perm gen  total 16896K, used 16663K [0x42b00000, 0x43b80000, 0x46b00000)
   the space 16896K,  98% used [0x42b00000, 0x43b45eb0, 0x43b46000, 0x43b80000)
No shared spaces configured.
}
Event: 3373.874 GC heap before
{Heap before GC invocations=102 (full 26):
 def new generation   total 157376K, used 139904K [0x02b00000, 0x0d5c0000, 0x18050000)
  eden space 139904K, 100% used [0x02b00000, 0x0b3a0000, 0x0b3a0000)
  from space 17472K,   0% used [0x0b3a0000, 0x0b3a0000, 0x0c4b0000)
  to   space 17472K,   0% used [0x0c4b0000, 0x0c4b0000, 0x0d5c0000)
 tenured generation   total 349568K, used 152819K [0x18050000, 0x2d5b0000, 0x42b00000)
   the space 349568K,  43% used [0x18050000, 0x2158cc70, 0x2158ce00, 0x2d5b0000)
 compacting perm gen  total 16896K, used 16663K [0x42b00000, 0x43b80000, 0x46b00000)
   the space 16896K,  98% used [0x42b00000, 0x43b45f30, 0x43b46000, 0x43b80000)
No shared spaces configured.
Event: 3373.925 GC heap after
Heap after GC invocations=103 (full 26):
 def new generation   total 157376K, used 17472K [0x02b00000, 0x0d5c0000, 0x18050000)
  eden space 139904K,   0% used [0x02b00000, 0x02b00000, 0x0b3a0000)
  from space 17472K, 100% used [0x0c4b0000, 0x0d5c0000, 0x0d5c0000)
  to   space 17472K,   0% used [0x0b3a0000, 0x0b3a0000, 0x0c4b0000)
 tenured generation   total 349568K, used 162708K [0x18050000, 0x2d5b0000, 0x42b00000)
   the space 349568K,  46% used [0x18050000, 0x21f35310, 0x21f35400, 0x2d5b0000)
 compacting perm gen  total 16896K, used 16663K [0x42b00000, 0x43b80000, 0x46b00000)
   the space 16896K,  98% used [0x42b00000, 0x43b45f30, 0x43b46000, 0x43b80000)
No shared spaces configured.
}

