# JRE version: 7.0_05-b05
# Java VM: Java HotSpot(TM) Client VM (23.1-b03 mixed mode windows-x86 )
Heap
 def new generation   total 157376K, used 80796K [0x02b00000, 0x0d5c0000, 0x18050000)
  eden space 139904K,  51% used [0x02b00000, 0x070fb548, 0x0b3a0000)
  from space 17472K,  52% used [0x0b3a0000, 0x0bc8bba8, 0x0c4b0000)
  to   space 17472K,   0% used [0x0c4b0000, 0x0c4b0000, 0x0d5c0000)
 tenured generation   total 349568K, used 113184K [0x18050000, 0x2d5b0000, 0x42b00000)
   the space 349568K,  32% used [0x18050000, 0x1eed8388, 0x1eed8400, 0x2d5b0000)
 compacting perm gen  total 16896K, used 16703K [0x42b00000, 0x43b80000, 0x46b00000)
   the space 16896K,  98% used [0x42b00000, 0x43b4fe70, 0x43b50000, 0x43b80000)
GC Heap History (10 events):
Event: 525.321 GC heap before
{Heap before GC invocations=21 (full 6):
 def new generation   total 157376K, used 145013K [0x02b00000, 0x0d5c0000, 0x18050000)
  eden space 139904K, 100% used [0x02b00000, 0x0b3a0000, 0x0b3a0000)
  from space 17472K,  29% used [0x0c4b0000, 0x0c9ad580, 0x0d5c0000)
  to   space 17472K,   0% used [0x0b3a0000, 0x0b3a0000, 0x0c4b0000)
 tenured generation   total 349568K, used 110906K [0x18050000, 0x2d5b0000, 0x42b00000)
   the space 349568K,  31% used [0x18050000, 0x1ec9eac8, 0x1ec9ec00, 0x2d5b0000)
 compacting perm gen  total 16896K, used 16701K [0x42b00000, 0x43b80000, 0x46b00000)
   the space 16896K,  98% used [0x42b00000, 0x43b4f750, 0x43b4f800, 0x43b80000)
No shared spaces configured.
Event: 525.332 GC heap after
Heap after GC invocations=22 (full 6):
 def new generation   total 157376K, used 5853K [0x02b00000, 0x0d5c0000, 0x18050000)
  eden space 139904K,   0% used [0x02b00000, 0x02b00000, 0x0b3a0000)
  from space 17472K,  33% used [0x0b3a0000, 0x0b9574d0, 0x0c4b0000)
  to   space 17472K,   0% used [0x0c4b0000, 0x0c4b0000, 0x0d5c0000)
 tenured generation   total 349568K, used 110906K [0x18050000, 0x2d5b0000, 0x42b00000)
   the space 349568K,  31% used [0x18050000, 0x1ec9eac8, 0x1ec9ec00, 0x2d5b0000)
 compacting perm gen  total 16896K, used 16701K [0x42b00000, 0x43b80000, 0x46b00000)
   the space 16896K,  98% used [0x42b00000, 0x43b4f750, 0x43b4f800, 0x43b80000)
No shared spaces configured.
}
Event: 568.268 GC heap before
{Heap before GC invocations=22 (full 6):
 def new generation   total 157376K, used 145757K [0x02b00000, 0x0d5c0000, 0x18050000)
  eden space 139904K, 100% used [0x02b00000, 0x0b3a0000, 0x0b3a0000)
  from space 17472K,  33% used [0x0b3a0000, 0x0b9574d0, 0x0c4b0000)
  to   space 17472K,   0% used [0x0c4b0000, 0x0c4b0000, 0x0d5c0000)
 tenured generation   total 349568K, used 110906K [0x18050000, 0x2d5b0000, 0x42b00000)
   the space 349568K,  31% used [0x18050000, 0x1ec9eac8, 0x1ec9ec00, 0x2d5b0000)
 compacting perm gen  total 16896K, used 16701K [0x42b00000, 0x43b80000, 0x46b00000)
   the space 16896K,  98% used [0x42b00000, 0x43b4f7a0, 0x43b4f800, 0x43b80000)
No shared spaces configured.
Event: 568.283 GC heap after
Heap after GC invocations=23 (full 6):
 def new generation   total 157376K, used 9541K [0x02b00000, 0x0d5c0000, 0x18050000)
  eden space 139904K,   0% used [0x02b00000, 0x02b00000, 0x0b3a0000)
  from space 17472K,  54% used [0x0c4b0000, 0x0ce014b8, 0x0d5c0000)
  to   space 17472K,   0% used [0x0b3a0000, 0x0b3a0000, 0x0c4b0000)
 tenured generation   total 349568K, used 110906K [0x18050000, 0x2d5b0000, 0x42b00000)
   the space 349568K,  31% used [0x18050000, 0x1ec9eac8, 0x1ec9ec00, 0x2d5b0000)
 compacting perm gen  total 16896K, used 16701K [0x42b00000, 0x43b80000, 0x46b00000)
   the space 16896K,  98% used [0x42b00000, 0x43b4f7a0, 0x43b4f800, 0x43b80000)
No shared spaces configured.
}
Event: 612.411 GC heap before
{Heap before GC invocations=23 (full 6):
 def new generation   total 157376K, used 149445K [0x02b00000, 0x0d5c0000, 0x18050000)
  eden space 139904K, 100% used [0x02b00000, 0x0b3a0000, 0x0b3a0000)
  from space 17472K,  54% used [0x0c4b0000, 0x0ce014b8, 0x0d5c0000)
  to   space 17472K,   0% used [0x0b3a0000, 0x0b3a0000, 0x0c4b0000)
 tenured generation   total 349568K, used 110906K [0x18050000, 0x2d5b0000, 0x42b00000)
   the space 349568K,  31% used [0x18050000, 0x1ec9eac8, 0x1ec9ec00, 0x2d5b0000)
 compacting perm gen  total 16896K, used 16701K [0x42b00000, 0x43b80000, 0x46b00000)
   the space 16896K,  98% used [0x42b00000, 0x43b4f7b0, 0x43b4f800, 0x43b80000)
No shared spaces configured.
Event: 612.427 GC heap after
Heap after GC invocations=24 (full 6):
 def new generation   total 157376K, used 7568K [0x02b00000, 0x0d5c0000, 0x18050000)
  eden space 139904K,   0% used [0x02b00000, 0x02b00000, 0x0b3a0000)
  from space 17472K,  43% used [0x0b3a0000, 0x0bb04148, 0x0c4b0000)
  to   space 17472K,   0% used [0x0c4b0000, 0x0c4b0000, 0x0d5c0000)
 tenured generation   total 349568K, used 113184K [0x18050000, 0x2d5b0000, 0x42b00000)
   the space 349568K,  32% used [0x18050000, 0x1eed8388, 0x1eed8400, 0x2d5b0000)
 compacting perm gen  total 16896K, used 16701K [0x42b00000, 0x43b80000, 0x46b00000)
   the space 16896K,  98% used [0x42b00000, 0x43b4f7b0, 0x43b4f800, 0x43b80000)
No shared spaces configured.
}
Event: 653.692 GC heap before
{Heap before GC invocations=24 (full 6):
 def new generation   total 157376K, used 147472K [0x02b00000, 0x0d5c0000, 0x18050000)
  eden space 139904K, 100% used [0x02b00000, 0x0b3a0000, 0x0b3a0000)
  from space 17472K,  43% used [0x0b3a0000, 0x0bb04148, 0x0c4b0000)
  to   space 17472K,   0% used [0x0c4b0000, 0x0c4b0000, 0x0d5c0000)
 tenured generation   total 349568K, used 113184K [0x18050000, 0x2d5b0000, 0x42b00000)
   the space 349568K,  32% used [0x18050000, 0x1eed8388, 0x1eed8400, 0x2d5b0000)
 compacting perm gen  total 16896K, used 16701K [0x42b00000, 0x43b80000, 0x46b00000)
   the space 16896K,  98% used [0x42b00000, 0x43b4f7d0, 0x43b4f800, 0x43b80000)
No shared spaces configured.
Event: 653.709 GC heap after
Heap after GC invocations=25 (full 6):
 def new generation   total 157376K, used 8641K [0x02b00000, 0x0d5c0000, 0x18050000)
  eden space 139904K,   0% used [0x02b00000, 0x02b00000, 0x0b3a0000)
  from space 17472K,  49% used [0x0c4b0000, 0x0cd20518, 0x0d5c0000)
  to   space 17472K,   0% used [0x0b3a0000, 0x0b3a0000, 0x0c4b0000)
 tenured generation   total 349568K, used 113184K [0x18050000, 0x2d5b0000, 0x42b00000)
   the space 349568K,  32% used [0x18050000, 0x1eed8388, 0x1eed8400, 0x2d5b0000)
 compacting perm gen  total 16896K, used 16701K [0x42b00000, 0x43b80000, 0x46b00000)
   the space 16896K,  98% used [0x42b00000, 0x43b4f7d0, 0x43b4f800, 0x43b80000)
No shared spaces configured.
}
Event: 671.802 GC heap before
{Heap before GC invocations=25 (full 6):
 def new generation   total 157376K, used 148545K [0x02b00000, 0x0d5c0000, 0x18050000)
  eden space 139904K, 100% used [0x02b00000, 0x0b3a0000, 0x0b3a0000)
  from space 17472K,  49% used [0x0c4b0000, 0x0cd20518, 0x0d5c0000)
  to   space 17472K,   0% used [0x0b3a0000, 0x0b3a0000, 0x0c4b0000)
 tenured generation   total 349568K, used 113184K [0x18050000, 0x2d5b0000, 0x42b00000)
   the space 349568K,  32% used [0x18050000, 0x1eed8388, 0x1eed8400, 0x2d5b0000)
 compacting perm gen  total 16896K, used 16703K [0x42b00000, 0x43b80000, 0x46b00000)
   the space 16896K,  98% used [0x42b00000, 0x43b4fe70, 0x43b50000, 0x43b80000)
No shared spaces configured.
Event: 671.818 GC heap after
Heap after GC invocations=26 (full 6):
 def new generation   total 157376K, used 9134K [0x02b00000, 0x0d5c0000, 0x18050000)
  eden space 139904K,   0% used [0x02b00000, 0x02b00000, 0x0b3a0000)
  from space 17472K,  52% used [0x0b3a0000, 0x0bc8bba8, 0x0c4b0000)
  to   space 17472K,   0% used [0x0c4b0000, 0x0c4b0000, 0x0d5c0000)
 tenured generation   total 349568K, used 113184K [0x18050000, 0x2d5b0000, 0x42b00000)
   the space 349568K,  32% used [0x18050000, 0x1eed8388, 0x1eed8400, 0x2d5b0000)
 compacting perm gen  total 16896K, used 16703K [0x42b00000, 0x43b80000, 0x46b00000)
   the space 16896K,  98% used [0x42b00000, 0x43b4fe70, 0x43b50000, 0x43b80000)
No shared spaces configured.
}

