# JRE version: 7.0_05-b05
# Java VM: Java HotSpot(TM) Client VM (23.1-b03 mixed mode windows-x86 )
Heap
 def new generation   total 157376K, used 101153K [0x02b00000, 0x0d5c0000, 0x18050000)
  eden space 139904K,  72% used [0x02b00000, 0x08dc85e8, 0x0b3a0000)
  from space 17472K,   0% used [0x0b3a0000, 0x0b3a0000, 0x0c4b0000)
  to   space 17472K,   0% used [0x0c4b0000, 0x0c4b0000, 0x0d5c0000)
 tenured generation   total 349568K, used 98892K [0x18050000, 0x2d5b0000, 0x42b00000)
   the space 349568K,  28% used [0x18050000, 0x1e0e3048, 0x1e0e3200, 0x2d5b0000)
 compacting perm gen  total 16640K, used 16597K [0x42b00000, 0x43b40000, 0x46b00000)
   the space 16640K,  99% used [0x42b00000, 0x43b35650, 0x43b35800, 0x43b40000)
GC Heap History (10 events):
Event: 1266.670 GC heap before
{Heap before GC invocations=84 (full 27):
 def new generation   total 157376K, used 4576K [0x02b00000, 0x0d5c0000, 0x18050000)
  eden space 139904K,   3% used [0x02b00000, 0x02f78128, 0x0b3a0000)
  from space 17472K,   0% used [0x0c4b0000, 0x0c4b0000, 0x0d5c0000)
  to   space 17472K,   0% used [0x0b3a0000, 0x0b3a0000, 0x0c4b0000)
 tenured generation   total 349568K, used 95205K [0x18050000, 0x2d5b0000, 0x42b00000)
   the space 349568K,  27% used [0x18050000, 0x1dd49690, 0x1dd49800, 0x2d5b0000)
 compacting perm gen  total 16640K, used 16581K [0x42b00000, 0x43b40000, 0x46b00000)
   the space 16640K,  99% used [0x42b00000, 0x43b31610, 0x43b31800, 0x43b40000)
No shared spaces configured.
Event: 1266.919 GC heap after
Heap after GC invocations=85 (full 28):
 def new generation   total 157376K, used 0K [0x02b00000, 0x0d5c0000, 0x18050000)
  eden space 139904K,   0% used [0x02b00000, 0x02b00000, 0x0b3a0000)
  from space 17472K,   0% used [0x0c4b0000, 0x0c4b0000, 0x0d5c0000)
  to   space 17472K,   0% used [0x0b3a0000, 0x0b3a0000, 0x0c4b0000)
 tenured generation   total 349568K, used 80686K [0x18050000, 0x2d5b0000, 0x42b00000)
   the space 349568K,  23% used [0x18050000, 0x1cf1ba10, 0x1cf1bc00, 0x2d5b0000)
 compacting perm gen  total 16640K, used 16579K [0x42b00000, 0x43b40000, 0x46b00000)
   the space 16640K,  99% used [0x42b00000, 0x43b30ee8, 0x43b31000, 0x43b40000)
No shared spaces configured.
}
Event: 1282.937 GC heap before
{Heap before GC invocations=85 (full 28):
 def new generation   total 157376K, used 139904K [0x02b00000, 0x0d5c0000, 0x18050000)
  eden space 139904K, 100% used [0x02b00000, 0x0b3a0000, 0x0b3a0000)
  from space 17472K,   0% used [0x0c4b0000, 0x0c4b0000, 0x0d5c0000)
  to   space 17472K,   0% used [0x0b3a0000, 0x0b3a0000, 0x0c4b0000)
 tenured generation   total 349568K, used 80686K [0x18050000, 0x2d5b0000, 0x42b00000)
   the space 349568K,  23% used [0x18050000, 0x1cf1ba10, 0x1cf1bc00, 0x2d5b0000)
 compacting perm gen  total 16640K, used 16579K [0x42b00000, 0x43b40000, 0x46b00000)
   the space 16640K,  99% used [0x42b00000, 0x43b30ee8, 0x43b31000, 0x43b40000)
No shared spaces configured.
Event: 1282.959 GC heap after
Heap after GC invocations=86 (full 28):
 def new generation   total 157376K, used 12206K [0x02b00000, 0x0d5c0000, 0x18050000)
  eden space 139904K,   0% used [0x02b00000, 0x02b00000, 0x0b3a0000)
  from space 17472K,  69% used [0x0b3a0000, 0x0bf8bb00, 0x0c4b0000)
  to   space 17472K,   0% used [0x0c4b0000, 0x0c4b0000, 0x0d5c0000)
 tenured generation   total 349568K, used 80686K [0x18050000, 0x2d5b0000, 0x42b00000)
   the space 349568K,  23% used [0x18050000, 0x1cf1ba10, 0x1cf1bc00, 0x2d5b0000)
 compacting perm gen  total 16640K, used 16579K [0x42b00000, 0x43b40000, 0x46b00000)
   the space 16640K,  99% used [0x42b00000, 0x43b30ee8, 0x43b31000, 0x43b40000)
No shared spaces configured.
}
Event: 1301.558 GC heap before
{Heap before GC invocations=86 (full 28):
 def new generation   total 157376K, used 133565K [0x02b00000, 0x0d5c0000, 0x18050000)
  eden space 139904K,  86% used [0x02b00000, 0x0a183a90, 0x0b3a0000)
  from space 17472K,  69% used [0x0b3a0000, 0x0bf8bb00, 0x0c4b0000)
  to   space 17472K,   0% used [0x0c4b0000, 0x0c4b0000, 0x0d5c0000)
 tenured generation   total 349568K, used 80686K [0x18050000, 0x2d5b0000, 0x42b00000)
   the space 349568K,  23% used [0x18050000, 0x1cf1ba10, 0x1cf1bc00, 0x2d5b0000)
 compacting perm gen  total 16640K, used 16585K [0x42b00000, 0x43b40000, 0x46b00000)
   the space 16640K,  99% used [0x42b00000, 0x43b32410, 0x43b32600, 0x43b40000)
No shared spaces configured.
Event: 1301.828 GC heap after
Heap after GC invocations=87 (full 29):
 def new generation   total 157376K, used 0K [0x02b00000, 0x0d5c0000, 0x18050000)
  eden space 139904K,   0% used [0x02b00000, 0x02b00000, 0x0b3a0000)
  from space 17472K,   0% used [0x0b3a0000, 0x0b3a0000, 0x0c4b0000)
  to   space 17472K,   0% used [0x0c4b0000, 0x0c4b0000, 0x0d5c0000)
 tenured generation   total 349568K, used 97320K [0x18050000, 0x2d5b0000, 0x42b00000)
   the space 349568K,  27% used [0x18050000, 0x1df5a1d0, 0x1df5a200, 0x2d5b0000)
 compacting perm gen  total 16640K, used 16585K [0x42b00000, 0x43b40000, 0x46b00000)
   the space 16640K,  99% used [0x42b00000, 0x43b32410, 0x43b32600, 0x43b40000)
No shared spaces configured.
}
Event: 1339.643 GC heap before
{Heap before GC invocations=87 (full 29):
 def new generation   total 157376K, used 121199K [0x02b00000, 0x0d5c0000, 0x18050000)
  eden space 139904K,  86% used [0x02b00000, 0x0a15bd98, 0x0b3a0000)
  from space 17472K,   0% used [0x0b3a0000, 0x0b3a0000, 0x0c4b0000)
  to   space 17472K,   0% used [0x0c4b0000, 0x0c4b0000, 0x0d5c0000)
 tenured generation   total 349568K, used 97320K [0x18050000, 0x2d5b0000, 0x42b00000)
   the space 349568K,  27% used [0x18050000, 0x1df5a1d0, 0x1df5a200, 0x2d5b0000)
 compacting perm gen  total 16640K, used 16590K [0x42b00000, 0x43b40000, 0x46b00000)
   the space 16640K,  99% used [0x42b00000, 0x43b339d8, 0x43b33a00, 0x43b40000)
No shared spaces configured.
Event: 1339.918 GC heap after
Heap after GC invocations=88 (full 30):
 def new generation   total 157376K, used 0K [0x02b00000, 0x0d5c0000, 0x18050000)
  eden space 139904K,   0% used [0x02b00000, 0x02b00000, 0x0b3a0000)
  from space 17472K,   0% used [0x0b3a0000, 0x0b3a0000, 0x0c4b0000)
  to   space 17472K,   0% used [0x0c4b0000, 0x0c4b0000, 0x0d5c0000)
 tenured generation   total 349568K, used 98305K [0x18050000, 0x2d5b0000, 0x42b00000)
   the space 349568K,  28% used [0x18050000, 0x1e0505d0, 0x1e050600, 0x2d5b0000)
 compacting perm gen  total 16640K, used 16590K [0x42b00000, 0x43b40000, 0x46b00000)
   the space 16640K,  99% used [0x42b00000, 0x43b339d8, 0x43b33a00, 0x43b40000)
No shared spaces configured.
}
Event: 1340.351 GC heap before
{Heap before GC invocations=88 (full 30):
 def new generation   total 157376K, used 4081K [0x02b00000, 0x0d5c0000, 0x18050000)
  eden space 139904K,   2% used [0x02b00000, 0x02efc620, 0x0b3a0000)
  from space 17472K,   0% used [0x0b3a0000, 0x0b3a0000, 0x0c4b0000)
  to   space 17472K,   0% used [0x0c4b0000, 0x0c4b0000, 0x0d5c0000)
 tenured generation   total 349568K, used 98305K [0x18050000, 0x2d5b0000, 0x42b00000)
   the space 349568K,  28% used [0x18050000, 0x1e0505d0, 0x1e050600, 0x2d5b0000)
 compacting perm gen  total 16640K, used 16590K [0x42b00000, 0x43b40000, 0x46b00000)
   the space 16640K,  99% used [0x42b00000, 0x43b339d8, 0x43b33a00, 0x43b40000)
No shared spaces configured.
Event: 1340.586 GC heap after
Heap after GC invocations=89 (full 31):
 def new generation   total 157376K, used 0K [0x02b00000, 0x0d5c0000, 0x18050000)
  eden space 139904K,   0% used [0x02b00000, 0x02b00000, 0x0b3a0000)
  from space 17472K,   0% used [0x0b3a0000, 0x0b3a0000, 0x0c4b0000)
  to   space 17472K,   0% used [0x0c4b0000, 0x0c4b0000, 0x0d5c0000)
 tenured generation   total 349568K, used 98892K [0x18050000, 0x2d5b0000, 0x42b00000)
   the space 349568K,  28% used [0x18050000, 0x1e0e3048, 0x1e0e3200, 0x2d5b0000)
 compacting perm gen  total 16640K, used 16590K [0x42b00000, 0x43b40000, 0x46b00000)
   the space 16640K,  99% used [0x42b00000, 0x43b339d8, 0x43b33a00, 0x43b40000)
No shared spaces configured.
}

